<?xml version="1.0" encoding="UTF-8"?>
<testsuite xmlns:xsi="http://www.w3.org/2001/XMLSchema-instance" xsi:noNamespaceSchemaLocation="https://maven.apache.org/surefire/maven-surefire-plugin/xsd/surefire-test-report.xsd" version="3.0.2" name="com.minimarket.MinimarketApplicationTests" time="2.393" tests="1" errors="0" skipped="0" failures="0" flakes="0">
  <properties>
[...]
</properties>
  <testcase name="contextLoads" classname="com.minimarket.MinimarketApplicationTests" time="0.226">
    <system-out><![CDATA[22:50:55.540 [main] INFO org.springframework.test.context.support.AnnotationConfigContextLoaderUtils -- Could not detect default configuration classes for test class [com.minimarket.MinimarketApplicationTests]: MinimarketApplicationTests does not declare any static, non-private, non-final, nested classes annotated with @Configuration.
22:50:55.585 [main] INFO org.springframework.boot.test.context.SpringBootTestContextBootstrapper -- Found @SpringBootConfiguration com.minimarket.MinimarketApplication for test class com.minimarket.MinimarketApplicationTests
22:50:55.621 [main] INFO org.springframework.test.context.support.AnnotationConfigContextLoaderUtils -- Could not detect default configuration classes for test class [com.minimarket.MinimarketApplicationTests]: MinimarketApplicationTests does not declare any static, non-private, non-final, nested classes annotated with @Configuration.
22:50:55.622 [main] INFO org.springframework.boot.test.context.SpringBootTestContextBootstrapper -- Found @SpringBootConfiguration com.minimarket.MinimarketApplication for test class com.minimarket.MinimarketApplicationTests
22:50:55.657 [main] INFO org.springframework.boot.devtools.restart.RestartApplicationListener -- Restart disabled due to context in which it is running

  .   ____          _            __ _ _
 /\\ / ___'_ __ _ _(_)_ __  __ _ \ \ \ \
( ( )\___ | '_ | '_| | '_ \/ _` | \ \ \ \
 \\/  ___)| |_)| | | | | || (_| |  ) ) ) )
  '  |____| .__|_| |_|_| |_\__, | / / / /
 =========|_|==============|___/=/_/_/_/

 :: Spring Boot ::                (v4.0.6)

2026-05-25T22:50:55.786-04:00  INFO 81480 --- [minimarket] [           main] c.minimarket.MinimarketApplicationTests  : Starting MinimarketApplicationTests using Java 21.0.6 with PID 81480 (started by cristian in /Users/cristian/Documents/DuocUC/formativa1_backend2)
2026-05-25T22:50:55.786-04:00  INFO 81480 --- [minimarket] [           main] c.minimarket.MinimarketApplicationTests  : No active profile set, falling back to 1 default profile: "default"
2026-05-25T22:50:56.034-04:00  INFO 81480 --- [minimarket] [           main] .s.d.r.c.RepositoryConfigurationDelegate : Bootstrapping Spring Data JPA repositories in DEFAULT mode.
2026-05-25T22:50:56.058-04:00  INFO 81480 --- [minimarket] [           main] .s.d.r.c.RepositoryConfigurationDelegate : Finished Spring Data repository scanning in 20 ms. Found 8 JPA repository interfaces.
2026-05-25T22:50:56.216-04:00  INFO 81480 --- [minimarket] [           main] org.hibernate.orm.jpa                    : HHH008540: Processing PersistenceUnitInfo [name: default]
2026-05-25T22:50:56.244-04:00  INFO 81480 --- [minimarket] [           main] org.hibernate.orm.core                   : HHH000001: Hibernate ORM core version 7.2.12.Final
2026-05-25T22:50:56.407-04:00  INFO 81480 --- [minimarket] [           main] o.s.o.j.p.SpringPersistenceUnitInfo      : No LoadTimeWeaver setup: ignoring JPA class transformer
2026-05-25T22:50:56.421-04:00  INFO 81480 --- [minimarket] [           main] com.zaxxer.hikari.HikariDataSource       : HikariPool-1 - Starting...
2026-05-25T22:50:56.485-04:00  INFO 81480 --- [minimarket] [           main] com.zaxxer.hikari.pool.HikariPool        : HikariPool-1 - Added connection conn0: url=jdbc:h2:mem:testdb user=SA
2026-05-25T22:50:56.485-04:00  INFO 81480 --- [minimarket] [           main] com.zaxxer.hikari.HikariDataSource       : HikariPool-1 - Start completed.
2026-05-25T22:50:56.495-04:00  WARN 81480 --- [minimarket] [           main] org.hibernate.orm.deprecation            : HHH90000025: H2Dialect does not need to be specified explicitly using 'hibernate.dialect' (remove the property setting and it will be selected by default)
2026-05-25T22:50:56.502-04:00  INFO 81480 --- [minimarket] [           main] org.hibernate.orm.connections.pooling    : HHH10001005: Database info:
	Database JDBC URL [jdbc:h2:mem:testdb]
	Database driver: H2 JDBC Driver
	Database dialect: H2Dialect
	Database version: 2.4.240
	Default catalog/schema: TESTDB/PUBLIC
	Autocommit mode: undefined/unknown
	Isolation level: READ_COMMITTED [default READ_COMMITTED]
	JDBC fetch size: 100
	Pool: DataSourceConnectionProvider
	Minimum pool size: undefined/unknown
	Maximum pool size: undefined/unknown
2026-05-25T22:50:56.847-04:00  INFO 81480 --- [minimarket] [           main] org.hibernate.orm.core                   : HHH000489: No JTA platform available (set 'hibernate.transaction.jta.platform' to enable JTA platform integration)
Hibernate: create table carrito (id bigint generated by default as identity, cantidad integer not null, producto_id bigint not null, usuario_id bigint not null, primary key (id))
Hibernate: create table categoria (id bigint generated by default as identity, nombre varchar(255) not null, primary key (id))
Hibernate: create table detalle_venta (id bigint generated by default as identity, cantidad integer not null, precio float(53) not null, producto_id bigint not null, venta_id bigint not null, primary key (id))
Hibernate: create table inventario (id bigint generated by default as identity, cantidad integer not null, fecha_movimiento timestamp(6) not null, tipo_movimiento varchar(255) not null, producto_id bigint not null, primary key (id))
Hibernate: create table producto (id bigint generated by default as identity, nombre varchar(255) not null, precio float(53) not null, stock integer not null, categoria_id bigint not null, primary key (id))
Hibernate: create table rol (id bigint generated by default as identity, nombre varchar(255) not null, primary key (id))
Hibernate: create table usuario (id bigint generated by default as identity, password varchar(255) not null, username varchar(255) not null, primary key (id))
Hibernate: create table usuario_roles (usuario_id bigint not null, rol_id bigint not null, primary key (usuario_id, rol_id))
Hibernate: create table venta (id bigint generated by default as identity, fecha timestamp(6) not null, usuario_id bigint not null, primary key (id))
Hibernate: alter table if exists categoria drop constraint if exists UK35t4wyxqrevf09uwx9e9p6o75
Hibernate: alter table if exists categoria add constraint UK35t4wyxqrevf09uwx9e9p6o75 unique (nombre)
Hibernate: alter table if exists rol drop constraint if exists UK43kr6s7bts1wqfv43f7jd87kp
Hibernate: alter table if exists rol add constraint UK43kr6s7bts1wqfv43f7jd87kp unique (nombre)
Hibernate: alter table if exists usuario drop constraint if exists UK863n1y3x0jalatoir4325ehal
Hibernate: alter table if exists usuario add constraint UK863n1y3x0jalatoir4325ehal unique (username)
Hibernate: alter table if exists carrito add constraint FKg0fspf9ac00r9i2m9wgmy4914 foreign key (producto_id) references producto
Hibernate: alter table if exists carrito add constraint FK8ymop2vbmxmjq6ehl5vj3hpqm foreign key (usuario_id) references usuario
Hibernate: alter table if exists detalle_venta add constraint FKmi06vmeg5th7wdow1mxcqg78e foreign key (producto_id) references producto
Hibernate: alter table if exists detalle_venta add constraint FKhj0bf0515yg7equ11ab4xgq3f foreign key (venta_id) references venta
Hibernate: alter table if exists inventario add constraint FK2jpmjsxwl42blfea24vda6fs6 foreign key (producto_id) references producto
Hibernate: alter table if exists producto add constraint FKodqr7965ok9rwquj1utiamt0m foreign key (categoria_id) references categoria
Hibernate: alter table if exists usuario_roles add constraint FK5t0qwiwrk6j50h2v5lneckajq foreign key (rol_id) references rol
Hibernate: alter table if exists usuario_roles add constraint FKqblnumndby0ftm4c7sg6uso6p foreign key (usuario_id) references usuario
Hibernate: alter table if exists venta add constraint FKb28d98ltkhb0f8g3qypy8q2tl foreign key (usuario_id) references usuario
2026-05-25T22:50:56.879-04:00  INFO 81480 --- [minimarket] [           main] j.LocalContainerEntityManagerFactoryBean : Initialized JPA EntityManagerFactory for persistence unit 'default'
2026-05-25T22:50:56.912-04:00  INFO 81480 --- [minimarket] [           main] o.s.d.j.r.query.QueryEnhancerFactories   : Hibernate is in classpath; If applicable, HQL parser will be used.
2026-05-25T22:50:57.036-04:00  WARN 81480 --- [minimarket] [           main] JpaBaseConfiguration$JpaWebConfiguration : spring.jpa.open-in-view is enabled by default. Therefore, database queries may be performed during view rendering. Explicitly configure spring.jpa.open-in-view to disable this warning
2026-05-25T22:50:57.074-04:00  INFO 81480 --- [minimarket] [           main] r$InitializeUserDetailsManagerConfigurer : Global AuthenticationManager configured with UserDetailsService bean with name customUserDetailsService
2026-05-25T22:50:57.243-04:00  INFO 81480 --- [minimarket] [           main] c.minimarket.MinimarketApplicationTests  : Started MinimarketApplicationTests in 1.592 seconds (process running for 1.979)
Hibernate: select r1_0.id,r1_0.nombre from rol r1_0 where r1_0.nombre=?
Hibernate: insert into rol (nombre,id) values (?,default)
Hibernate: select r1_0.id,r1_0.nombre from rol r1_0 where r1_0.nombre=?
Hibernate: insert into rol (nombre,id) values (?,default)
Hibernate: select r1_0.id,r1_0.nombre from rol r1_0 where r1_0.nombre=?
Hibernate: insert into rol (nombre,id) values (?,default)
Hibernate: select u1_0.id,u1_0.password,u1_0.username from usuario u1_0 where u1_0.username=?
Hibernate: insert into usuario (password,username,id) values (?,?,default)
Hibernate: insert into usuario_roles (usuario_id,rol_id) values (?,?)
Usuario 'admin' creado exitosamente.
Hibernate: select u1_0.id,u1_0.password,u1_0.username from usuario u1_0 where u1_0.username=?
Hibernate: insert into usuario (password,username,id) values (?,?,default)
Hibernate: insert into usuario_roles (usuario_id,rol_id) values (?,?)
Usuario 'empleado' creado exitosamente.
Hibernate: select u1_0.id,u1_0.password,u1_0.username from usuario u1_0 where u1_0.username=?
Hibernate: insert into usuario (password,username,id) values (?,?,default)
Hibernate: insert into usuario_roles (usuario_id,rol_id) values (?,?)
Usuario 'cliente' creado exitosamente.
Hibernate: select count(*) from categoria c1_0
Hibernate: insert into categoria (nombre,id) values (?,default)
Hibernate: insert into categoria (nombre,id) values (?,default)
Hibernate: insert into categoria (nombre,id) values (?,default)
Hibernate: insert into producto (categoria_id,nombre,precio,stock,id) values (?,?,?,?,default)
Hibernate: insert into producto (categoria_id,nombre,precio,stock,id) values (?,?,?,?,default)
Hibernate: insert into producto (categoria_id,nombre,precio,stock,id) values (?,?,?,?,default)
Categorías y productos de prueba inicializados.
]]></system-out>
    <system-err><![CDATA[Mockito is currently self-attaching to enable the inline-mock-maker. This will no longer work in future releases of the JDK. Please add Mockito as an agent to your build as described in Mockito's documentation: https://javadoc.io/doc/org.mockito/mockito-core/latest/org.mockito/org/mockito/Mockito.html#0.3
WARNING: A Java agent has been loaded dynamically (/Users/cristian/.m2/repository/net/bytebuddy/byte-buddy-agent/1.17.8/byte-buddy-agent-1.17.8.jar)
WARNING: If a serviceability tool is in use, please run with -XX:+EnableDynamicAgentLoading to hide this warning
WARNING: If a serviceability tool is not in use, please run with -Djdk.instrument.traceUsage for more information
WARNING: Dynamic loading of agents will be disallowed by default in a future release
]]></system-err>
  </testcase>
</testsuite>